<?xml version="1.0" encoding="UTF-8"?>
<testsuite name="com.co.choucair.testing.prueba.runners.Compra" tests="0" skipped="0" failures="0" errors="0" timestamp="1970-01-01T00:00:00" hostname="DESKTOP-2GHJDU1" time="0.0">
  <properties/>
  <system-out><![CDATA[REGISTER BASE STEP LISTENER net.thucydides.core.steps.BaseStepListener@98b6fb

Failed scenarios:
src/test/resources/features/compra_exitosa.feature:8 # el usuario realiza una compra  con varios productos

1 Scenarios (1 failed)
3 Steps (1 failed, 2 passed)
3m18,053s

java.lang.AssertionError: Expected validacion
Expected: is <true>
     but: was <false>
	at net.serenitybdd.screenplay.ErrorTally.throwSummaryExceptionFrom(ErrorTally.java:36)
	at net.serenitybdd.screenplay.ErrorTally.reportAnyErrors(ErrorTally.java:30)
	at net.serenitybdd.screenplay.Actor.should(Actor.java:301)
	at com.co.choucair.testing.prueba.stepdefinitions.CompraStepdefinitions.seVerificaLaCompraConExito(CompraStepdefinitions.java:47)
	at ?.se verifica la compra con exito(src/test/resources/features/compra_exitosa.feature:11)

]]></system-out>
  <system-err><![CDATA[[Test worker] INFO net.thucydides.core.steps.ConsoleLoggingListener - 

-------------------------------------------------------------------------------------
     _______. _______ .______       _______ .__   __.  __  .___________.____    ____ 
    /       ||   ____||   _  \     |   ____||  \ |  | |  | |           |\   \  /   / 
   |   (----`|  |__   |  |_)  |    |  |__   |   \|  | |  | `---|  |----` \   \/   /  
    \   \    |   __|  |      /     |   __|  |  . `  | |  |     |  |       \_    _/   
.----)   |   |  |____ |  |\  \----.|  |____ |  |\   | |  |     |  |         |  |     
|_______/    |_______|| _| `._____||_______||__| \__| |__|     |__|         |__|    
                                                                                     
 News and tutorials at http://www.serenity-bdd.info                                  
 Documentation at https://wakaleo.gitbooks.io/the-serenity-book/content/             
 Join the Serenity Community on Rocket Chat at https://serenity-bdd.rocket.chat      
 Serenity BDD Support and Training at http://serenity-bdd.info/#/trainingandsupport  
 Learn Serenity BDD online at http://serenity-dojo.com                               
-------------------------------------------------------------------------------------

[Test worker] INFO net.thucydides.core.steps.ConsoleLoggingListener - Test Suite Started: la tienda kabal quiere seleccionar las diferentes prendas de temporada,
[Test worker] WARN net.thucydides.core.steps.BaseStepListener - testStarted: el usuario realiza una compra  con varios productos/la-tienda-kabal-quiere-seleccionar-las-diferentes-prendas-de-temporada-;el-usuario-realiza-una-compra--con-varios-productos
[Test worker] INFO net.thucydides.core.steps.ConsoleLoggingListener - 
 _____ _____ ____ _____   ____ _____  _    ____ _____ _____ ____  
|_   _| ____/ ___|_   _| / ___|_   _|/ \  |  _ \_   _| ____|  _ \ 
  | | |  _| \___ \ | |   \___ \ | | / _ \ | |_) || | |  _| | | | |
  | | | |___ ___) || |    ___) || |/ ___ \|  _ < | | | |___| |_| |
  |_| |_____|____/ |_|   |____/ |_/_/   \_\_| \_\|_| |_____|____/ 
                                                                  

TEST STARTED: el usuario realiza una compra  con varios productos
-------------------------------------------------------------------(la-tienda-kabal-quiere-seleccionar-las-diferentes-prendas-de-temporada-;el-usuario-realiza-una-compra--con-varios-productos)
[pool-2-thread-1] INFO net.thucydides.core.requirements.PackageRequirementsTagProvider - Loading requirements from package requirements at: net.thucydides.showcase.cucumber.junit
]]></system-err>
</testsuite>
