<?xml version="1.0" encoding="UTF-8"?>
<testsuite name="la tienda kabal quiere seleccionar las diferentes prendas de temporada," tests="1" skipped="0" failures="1" errors="0" timestamp="2021-10-25T04:27:58" hostname="DESKTOP-2GHJDU1" time="197.424">
  <properties/>
  <testcase name="el usuario realiza una compra  con varios productos" classname="la tienda kabal quiere seleccionar las diferentes prendas de temporada," time="197.424">
    <failure message="java.lang.AssertionError: Expected validacion&#10;Expected: is &lt;true&gt;&#10;     but: was &lt;false&gt;" type="java.lang.AssertionError">java.lang.AssertionError: Expected validacion
Expected: is &lt;true&gt;
     but: was &lt;false&gt;
	at net.serenitybdd.screenplay.ErrorTally.throwSummaryExceptionFrom(ErrorTally.java:36)
	at net.serenitybdd.screenplay.ErrorTally.reportAnyErrors(ErrorTally.java:30)
	at net.serenitybdd.screenplay.Actor.should(Actor.java:301)
	at com.co.choucair.testing.prueba.stepdefinitions.CompraStepdefinitions.seVerificaLaCompraConExito(CompraStepdefinitions.java:47)
	at ✽.se verifica la compra con exito(src/test/resources/features/compra_exitosa.feature:11)
</failure>
  </testcase>
  <system-out><![CDATA[]]></system-out>
  <system-err><![CDATA[[Test worker] WARN net.thucydides.core.steps.BaseStepListener - stepStarted: net.thucydides.core.steps.ExecutedStepDescription@153e75a
[Test worker] WARN net.thucydides.core.steps.BaseStepListener - stepStarted: net.thucydides.core.steps.ExecutedStepDescription@77edae
[Test worker] WARN net.thucydides.core.steps.BaseStepListener - stepStarted: net.thucydides.core.steps.ExecutedStepDescription@1c9c2c7
oct 24, 2021 11:28:02 PM org.openqa.selenium.remote.DesiredCapabilities chrome
INFORMACIÓN: Using `new ChromeOptions()` is preferred to `DesiredCapabilities.chrome()`
[Test worker] INFO net.serenitybdd.core.webdriver.driverproviders.ProvideNewDriver - Instantiating driver
[Test worker] INFO net.serenitybdd.core.webdriver.driverproviders.ProvideNewDriver - Driver capabilities: Capabilities {acceptInsecureCerts: false, browserName: chrome, chrome.switches: --star-maximized, goog:chromeOptions: {args: [--star-maximized], extensions: []}, loggingPrefs: org.openqa.selenium.logging..., platform: ANY, version: }
Starting ChromeDriver 94.0.4606.61 (418b78f5838ed0b1c69bb4e51ea0252171854915-refs/branch-heads/4606@{#1204}) on port 21715
Only local connections are allowed.
Please see https://chromedriver.chromium.org/security-considerations for suggestions on keeping ChromeDriver safe.
ChromeDriver was started successfully.
[1635136130.147][WARNING]: This version of ChromeDriver has not been tested with Chrome version 95.
oct 24, 2021 11:29:15 PM org.openqa.selenium.remote.ProtocolHandshake createSession
INFORMACIÓN: Detected dialect: W3C
[Test worker] WARN net.thucydides.core.steps.BaseStepListener - stepFinished: current outcome:el usuario realiza una compra  con varios productos:Given el usuario se registra en la plataforma [User abrir [User opens the Your logo page]]
[Test worker] WARN net.thucydides.core.steps.BaseStepListener - stepFinished: current outcome:el usuario realiza una compra  con varios productos:Given el usuario se registra en la plataforma [User abrir [User opens the Your logo page]]
[Test worker] WARN net.thucydides.core.steps.BaseStepListener - stepStarted: net.thucydides.core.steps.ExecutedStepDescription@1626a8a
[Test worker] WARN net.thucydides.core.steps.BaseStepListener - stepStarted: net.thucydides.core.steps.ExecutedStepDescription@2fcfdb
[Test worker] WARN net.thucydides.core.steps.BaseStepListener - stepFinished: current outcome:el usuario realiza una compra  con varios productos:Given el usuario se registra en la plataforma [User abrir [User opens the Your logo page], User registrar [User clicks on Click en registro]]
[Test worker] WARN net.thucydides.core.steps.BaseStepListener - stepStarted: net.thucydides.core.steps.ExecutedStepDescription@1440ad3
[Test worker] WARN net.thucydides.core.steps.BaseStepListener - stepFinished: current outcome:el usuario realiza una compra  con varios productos:Given el usuario se registra en la plataforma [User abrir [User opens the Your logo page], User registrar [User clicks on Click en registro, User enters 'vgftSa@ejemplo.com' into ingresar el email]]
[Test worker] WARN net.thucydides.core.steps.BaseStepListener - stepStarted: net.thucydides.core.steps.ExecutedStepDescription@1a3765a
[Test worker] WARN net.thucydides.core.steps.BaseStepListener - stepFinished: current outcome:el usuario realiza una compra  con varios productos:Given el usuario se registra en la plataforma [User abrir [User opens the Your logo page], User registrar [User clicks on Click en registro, User enters 'vgftSa@ejemplo.com' into ingresar el email, User clicks on boton crear cuenta]]
[Test worker] WARN net.thucydides.core.steps.BaseStepListener - stepStarted: net.thucydides.core.steps.ExecutedStepDescription@edcab1
[Test worker] WARN net.thucydides.core.steps.BaseStepListener - stepFinished: current outcome:el usuario realiza una compra  con varios productos:Given el usuario se registra en la plataforma [User abrir [User opens the Your logo page], User registrar [User clicks on Click en registro, User enters 'vgftSa@ejemplo.com' into ingresar el email, User clicks on boton crear cuenta, User clicks on seleccionar genero]]
[Test worker] WARN net.thucydides.core.steps.BaseStepListener - stepStarted: net.thucydides.core.steps.ExecutedStepDescription@221f67
[Test worker] WARN net.thucydides.core.steps.BaseStepListener - stepFinished: current outcome:el usuario realiza una compra  con varios productos:Given el usuario se registra en la plataforma [User abrir [User opens the Your logo page], User registrar [User clicks on Click en registro, User enters 'vgftSa@ejemplo.com' into ingresar el email, User clicks on boton crear cuenta, User clicks on seleccionar genero, User enters 'julieth' into ingresar nombre]]
[Test worker] WARN net.thucydides.core.steps.BaseStepListener - stepStarted: net.thucydides.core.steps.ExecutedStepDescription@164c7f8
[Test worker] WARN net.thucydides.core.steps.BaseStepListener - stepFinished: current outcome:el usuario realiza una compra  con varios productos:Given el usuario se registra en la plataforma [User abrir [User opens the Your logo page], User registrar [User clicks on Click en registro, User enters 'vgftSa@ejemplo.com' into ingresar el email, User clicks on boton crear cuenta, User clicks on seleccionar genero, User enters 'julieth' into ingresar nombre, User enters 'Bermudez' into ingresar apellido]]
[Test worker] WARN net.thucydides.core.steps.BaseStepListener - stepStarted: net.thucydides.core.steps.ExecutedStepDescription@15239f1
[Test worker] WARN net.thucydides.core.steps.BaseStepListener - stepFinished: current outcome:el usuario realiza una compra  con varios productos:Given el usuario se registra en la plataforma [User abrir [User opens the Your logo page], User registrar [User clicks on Click en registro, User enters 'vgftSa@ejemplo.com' into ingresar el email, User clicks on boton crear cuenta, User clicks on seleccionar genero, User enters 'julieth' into ingresar nombre, User enters 'Bermudez' into ingresar apellido, User enters 'Dalia1209' into ingresar contraseÃ±a]]
[Test worker] WARN net.thucydides.core.steps.BaseStepListener - stepStarted: net.thucydides.core.steps.ExecutedStepDescription@41a034
[Test worker] WARN net.thucydides.core.steps.BaseStepListener - stepFinished: current outcome:el usuario realiza una compra  con varios productos:Given el usuario se registra en la plataforma [User abrir [User opens the Your logo page], User registrar [User clicks on Click en registro, User enters 'vgftSa@ejemplo.com' into ingresar el email, User clicks on boton crear cuenta, User clicks on seleccionar genero, User enters 'julieth' into ingresar nombre, User enters 'Bermudez' into ingresar apellido, User enters 'Dalia1209' into ingresar contraseÃ±a, User select 13   on seleccionar dia de nacimiento]]
[Test worker] WARN net.thucydides.core.steps.BaseStepListener - stepStarted: net.thucydides.core.steps.ExecutedStepDescription@61b24e
[Test worker] WARN net.thucydides.core.steps.BaseStepListener - stepFinished: current outcome:el usuario realiza una compra  con varios productos:Given el usuario se registra en la plataforma [User abrir [User opens the Your logo page], User registrar [User clicks on Click en registro, User enters 'vgftSa@ejemplo.com' into ingresar el email, User clicks on boton crear cuenta, User clicks on seleccionar genero, User enters 'julieth' into ingresar nombre, User enters 'Bermudez' into ingresar apellido, User enters 'Dalia1209' into ingresar contraseÃ±a, User select 13   on seleccionar dia de nacimiento, User select June  on seleccionar mes de nacimiento]]
[Test worker] WARN net.thucydides.core.steps.BaseStepListener - stepStarted: net.thucydides.core.steps.ExecutedStepDescription@16e2342
[Test worker] WARN net.thucydides.core.steps.BaseStepListener - stepFinished: current outcome:el usuario realiza una compra  con varios productos:Given el usuario se registra en la plataforma [User abrir [User opens the Your logo page], User registrar [User clicks on Click en registro, User enters 'vgftSa@ejemplo.com' into ingresar el email, User clicks on boton crear cuenta, User clicks on seleccionar genero, User enters 'julieth' into ingresar nombre, User enters 'Bermudez' into ingresar apellido, User enters 'Dalia1209' into ingresar contraseÃ±a, User select 13   on seleccionar dia de nacimiento, User select June  on seleccionar mes de nacimiento, User select 1999   on seleccionar el aÃ±o de nacimiento]]
[Test worker] WARN net.thucydides.core.steps.BaseStepListener - stepStarted: net.thucydides.core.steps.ExecutedStepDescription@1d2b5f6
[Test worker] WARN net.thucydides.core.steps.BaseStepListener - stepFinished: current outcome:el usuario realiza una compra  con varios productos:Given el usuario se registra en la plataforma [User abrir [User opens the Your logo page], User registrar [User clicks on Click en registro, User enters 'vgftSa@ejemplo.com' into ingresar el email, User clicks on boton crear cuenta, User clicks on seleccionar genero, User enters 'julieth' into ingresar nombre, User enters 'Bermudez' into ingresar apellido, User enters 'Dalia1209' into ingresar contraseÃ±a, User select 13   on seleccionar dia de nacimiento, User select June  on seleccionar mes de nacimiento, User select 1999   on seleccionar el aÃ±o de nacimiento, User enters 'julieth' into ingresar nombre]]
[Test worker] WARN net.thucydides.core.steps.BaseStepListener - stepStarted: net.thucydides.core.steps.ExecutedStepDescription@1be0243
[Test worker] WARN net.thucydides.core.steps.BaseStepListener - stepFinished: current outcome:el usuario realiza una compra  con varios productos:Given el usuario se registra en la plataforma [User abrir [User opens the Your logo page], User registrar [User clicks on Click en registro, User enters 'vgftSa@ejemplo.com' into ingresar el email, User clicks on boton crear cuenta, User clicks on seleccionar genero, User enters 'julieth' into ingresar nombre, User enters 'Bermudez' into ingresar apellido, User enters 'Dalia1209' into ingresar contraseÃ±a, User select 13   on seleccionar dia de nacimiento, User select June  on seleccionar mes de nacimiento, User select 1999   on seleccionar el aÃ±o de nacimiento, User enters 'julieth' into ingresar nombre, User enters 'bermudez' into ingresar apellido]]
[Test worker] WARN net.thucydides.core.steps.BaseStepListener - stepStarted: net.thucydides.core.steps.ExecutedStepDescription@17651f
[Test worker] WARN net.thucydides.core.steps.BaseStepListener - stepFinished: current outcome:el usuario realiza una compra  con varios productos:Given el usuario se registra en la plataforma [User abrir [User opens the Your logo page], User registrar [User clicks on Click en registro, User enters 'vgftSa@ejemplo.com' into ingresar el email, User clicks on boton crear cuenta, User clicks on seleccionar genero, User enters 'julieth' into ingresar nombre, User enters 'Bermudez' into ingresar apellido, User enters 'Dalia1209' into ingresar contraseÃ±a, User select 13   on seleccionar dia de nacimiento, User select June  on seleccionar mes de nacimiento, User select 1999   on seleccionar el aÃ±o de nacimiento, User enters 'julieth' into ingresar nombre, User enters 'bermudez' into ingresar apellido, User enters 'your logo' into ingresar el nombre de la compaÃ±ia]]
[Test worker] WARN net.thucydides.core.steps.BaseStepListener - stepStarted: net.thucydides.core.steps.ExecutedStepDescription@be9927
[Test worker] WARN net.thucydides.core.steps.BaseStepListener - stepFinished: current outcome:el usuario realiza una compra  con varios productos:Given el usuario se registra en la plataforma [User abrir [User opens the Your logo page], User registrar [User clicks on Click en registro, User enters 'vgftSa@ejemplo.com' into ingresar el email, User clicks on boton crear cuenta, User clicks on seleccionar genero, User enters 'julieth' into ingresar nombre, User enters 'Bermudez' into ingresar apellido, User enters 'Dalia1209' into ingresar contraseÃ±a, User select 13   on seleccionar dia de nacimiento, User select June  on seleccionar mes de nacimiento, User select 1999   on seleccionar el aÃ±o de nacimiento, User enters 'julieth' into ingresar nombre, User enters 'bermudez' into ingresar apellido, User enters 'your logo' into ingresar el nombre de la compaÃ±ia, User enters 'calle 24 a sur #10-08 este' into ingresar la direccion de entrega]]
[Test worker] WARN net.thucydides.core.steps.BaseStepListener - stepStarted: net.thucydides.core.steps.ExecutedStepDescription@66fd69
[Test worker] WARN net.thucydides.core.steps.BaseStepListener - stepFinished: current outcome:el usuario realiza una compra  con varios productos:Given el usuario se registra en la plataforma [User abrir [User opens the Your logo page], User registrar [User clicks on Click en registro, User enters 'vgftSa@ejemplo.com' into ingresar el email, User clicks on boton crear cuenta, User clicks on seleccionar genero, User enters 'julieth' into ingresar nombre, User enters 'Bermudez' into ingresar apellido, User enters 'Dalia1209' into ingresar contraseÃ±a, User select 13   on seleccionar dia de nacimiento, User select June  on seleccionar mes de nacimiento, User select 1999   on seleccionar el aÃ±o de nacimiento, User enters 'julieth' into ingresar nombre, User enters 'bermudez' into ingresar apellido, User enters 'your logo' into ingresar el nombre de la compaÃ±ia, User enters 'calle 24 a sur #10-08 este' into ingresar la direccion de entrega, User enters 'Casa' into ingresar torre y apartamento]]
[Test worker] WARN net.thucydides.core.steps.BaseStepListener - stepStarted: net.thucydides.core.steps.ExecutedStepDescription@1c834a1
[Test worker] WARN net.thucydides.core.steps.BaseStepListener - stepFinished: current outcome:el usuario realiza una compra  con varios productos:Given el usuario se registra en la plataforma [User abrir [User opens the Your logo page], User registrar [User clicks on Click en registro, User enters 'vgftSa@ejemplo.com' into ingresar el email, User clicks on boton crear cuenta, User clicks on seleccionar genero, User enters 'julieth' into ingresar nombre, User enters 'Bermudez' into ingresar apellido, User enters 'Dalia1209' into ingresar contraseÃ±a, User select 13   on seleccionar dia de nacimiento, User select June  on seleccionar mes de nacimiento, User select 1999   on seleccionar el aÃ±o de nacimiento, User enters 'julieth' into ingresar nombre, User enters 'bermudez' into ingresar apellido, User enters 'your logo' into ingresar el nombre de la compaÃ±ia, User enters 'calle 24 a sur #10-08 este' into ingresar la direccion de entrega, User enters 'Casa' into ingresar torre y apartamento, User enters 'bogota' into ingrese ciudad]]
[Test worker] WARN net.thucydides.core.steps.BaseStepListener - stepStarted: net.thucydides.core.steps.ExecutedStepDescription@9ce113
[Test worker] WARN net.thucydides.core.steps.BaseStepListener - stepFinished: current outcome:el usuario realiza una compra  con varios productos:Given el usuario se registra en la plataforma [User abrir [User opens the Your logo page], User registrar [User clicks on Click en registro, User enters 'vgftSa@ejemplo.com' into ingresar el email, User clicks on boton crear cuenta, User clicks on seleccionar genero, User enters 'julieth' into ingresar nombre, User enters 'Bermudez' into ingresar apellido, User enters 'Dalia1209' into ingresar contraseÃ±a, User select 13   on seleccionar dia de nacimiento, User select June  on seleccionar mes de nacimiento, User select 1999   on seleccionar el aÃ±o de nacimiento, User enters 'julieth' into ingresar nombre, User enters 'bermudez' into ingresar apellido, User enters 'your logo' into ingresar el nombre de la compaÃ±ia, User enters 'calle 24 a sur #10-08 este' into ingresar la direccion de entrega, User enters 'Casa' into ingresar torre y apartamento, User enters 'bogota' into ingrese ciudad, User select District of Columbia on seleccione el estado]]
[Test worker] WARN net.thucydides.core.steps.BaseStepListener - stepStarted: net.thucydides.core.steps.ExecutedStepDescription@14dfc58
[Test worker] WARN net.thucydides.core.steps.BaseStepListener - stepFinished: current outcome:el usuario realiza una compra  con varios productos:Given el usuario se registra en la plataforma [User abrir [User opens the Your logo page], User registrar [User clicks on Click en registro, User enters 'vgftSa@ejemplo.com' into ingresar el email, User clicks on boton crear cuenta, User clicks on seleccionar genero, User enters 'julieth' into ingresar nombre, User enters 'Bermudez' into ingresar apellido, User enters 'Dalia1209' into ingresar contraseÃ±a, User select 13   on seleccionar dia de nacimiento, User select June  on seleccionar mes de nacimiento, User select 1999   on seleccionar el aÃ±o de nacimiento, User enters 'julieth' into ingresar nombre, User enters 'bermudez' into ingresar apellido, User enters 'your logo' into ingresar el nombre de la compaÃ±ia, User enters 'calle 24 a sur #10-08 este' into ingresar la direccion de entrega, User enters 'Casa' into ingresar torre y apartamento, User enters 'bogota' into ingrese ciudad, User select District of Columbia on seleccione el estado, User enters '00000' into ingrese el codigo postal]]
[Test worker] WARN net.thucydides.core.steps.BaseStepListener - stepStarted: net.thucydides.core.steps.ExecutedStepDescription@1ff6e66
[Test worker] WARN net.thucydides.core.steps.BaseStepListener - stepFinished: current outcome:el usuario realiza una compra  con varios productos:Given el usuario se registra en la plataforma [User abrir [User opens the Your logo page], User registrar [User clicks on Click en registro, User enters 'vgftSa@ejemplo.com' into ingresar el email, User clicks on boton crear cuenta, User clicks on seleccionar genero, User enters 'julieth' into ingresar nombre, User enters 'Bermudez' into ingresar apellido, User enters 'Dalia1209' into ingresar contraseÃ±a, User select 13   on seleccionar dia de nacimiento, User select June  on seleccionar mes de nacimiento, User select 1999   on seleccionar el aÃ±o de nacimiento, User enters 'julieth' into ingresar nombre, User enters 'bermudez' into ingresar apellido, User enters 'your logo' into ingresar el nombre de la compaÃ±ia, User enters 'calle 24 a sur #10-08 este' into ingresar la direccion de entrega, User enters 'Casa' into ingresar torre y apartamento, User enters 'bogota' into ingrese ciudad, User select District of Columbia on seleccione el estado, User enters '00000' into ingrese el codigo postal, User enters 'Barrio santa rita' into ingrese informacion adicional]]
[Test worker] WARN net.thucydides.core.steps.BaseStepListener - stepStarted: net.thucydides.core.steps.ExecutedStepDescription@34afb1
[Test worker] WARN net.thucydides.core.steps.BaseStepListener - stepFinished: current outcome:el usuario realiza una compra  con varios productos:Given el usuario se registra en la plataforma [User abrir [User opens the Your logo page], User registrar [User clicks on Click en registro, User enters 'vgftSa@ejemplo.com' into ingresar el email, User clicks on boton crear cuenta, User clicks on seleccionar genero, User enters 'julieth' into ingresar nombre, User enters 'Bermudez' into ingresar apellido, User enters 'Dalia1209' into ingresar contraseÃ±a, User select 13   on seleccionar dia de nacimiento, User select June  on seleccionar mes de nacimiento, User select 1999   on seleccionar el aÃ±o de nacimiento, User enters 'julieth' into ingresar nombre, User enters 'bermudez' into ingresar apellido, User enters 'your logo' into ingresar el nombre de la compaÃ±ia, User enters 'calle 24 a sur #10-08 este' into ingresar la direccion de entrega, User enters 'Casa' into ingresar torre y apartamento, User enters 'bogota' into ingrese ciudad, User select District of Columbia on seleccione el estado, User enters '00000' into ingrese el codigo postal, User enters 'Barrio santa rita' into ingrese informacion adicional, User enters '3629764' into ingrese numero de telefono]]
[Test worker] WARN net.thucydides.core.steps.BaseStepListener - stepStarted: net.thucydides.core.steps.ExecutedStepDescription@11d5009
[Test worker] WARN net.thucydides.core.steps.BaseStepListener - stepFinished: current outcome:el usuario realiza una compra  con varios productos:Given el usuario se registra en la plataforma [User abrir [User opens the Your logo page], User registrar [User clicks on Click en registro, User enters 'vgftSa@ejemplo.com' into ingresar el email, User clicks on boton crear cuenta, User clicks on seleccionar genero, User enters 'julieth' into ingresar nombre, User enters 'Bermudez' into ingresar apellido, User enters 'Dalia1209' into ingresar contraseÃ±a, User select 13   on seleccionar dia de nacimiento, User select June  on seleccionar mes de nacimiento, User select 1999   on seleccionar el aÃ±o de nacimiento, User enters 'julieth' into ingresar nombre, User enters 'bermudez' into ingresar apellido, User enters 'your logo' into ingresar el nombre de la compaÃ±ia, User enters 'calle 24 a sur #10-08 este' into ingresar la direccion de entrega, User enters 'Casa' into ingresar torre y apartamento, User enters 'bogota' into ingrese ciudad, User select District of Columbia on seleccione el estado, User enters '00000' into ingrese el codigo postal, User enters 'Barrio santa rita' into ingrese informacion adicional, User enters '3629764' into ingrese numero de telefono, User enters '3156078442' into ingrese numero de celular]]
[Test worker] WARN net.thucydides.core.steps.BaseStepListener - stepStarted: net.thucydides.core.steps.ExecutedStepDescription@6ae808
[Test worker] WARN net.thucydides.core.steps.BaseStepListener - stepFinished: current outcome:el usuario realiza una compra  con varios productos:Given el usuario se registra en la plataforma [User abrir [User opens the Your logo page], User registrar [User clicks on Click en registro, User enters 'vgftSa@ejemplo.com' into ingresar el email, User clicks on boton crear cuenta, User clicks on seleccionar genero, User enters 'julieth' into ingresar nombre, User enters 'Bermudez' into ingresar apellido, User enters 'Dalia1209' into ingresar contraseÃ±a, User select 13   on seleccionar dia de nacimiento, User select June  on seleccionar mes de nacimiento, User select 1999   on seleccionar el aÃ±o de nacimiento, User enters 'julieth' into ingresar nombre, User enters 'bermudez' into ingresar apellido, User enters 'your logo' into ingresar el nombre de la compaÃ±ia, User enters 'calle 24 a sur #10-08 este' into ingresar la direccion de entrega, User enters 'Casa' into ingresar torre y apartamento, User enters 'bogota' into ingrese ciudad, User select District of Columbia on seleccione el estado, User enters '00000' into ingrese el codigo postal, User enters 'Barrio santa rita' into ingrese informacion adicional, User enters '3629764' into ingrese numero de telefono, User enters '3156078442' into ingrese numero de celular, User enters 'carrera' into ingrese un alias]]
[Test worker] WARN net.thucydides.core.steps.BaseStepListener - stepFinished: current outcome:el usuario realiza una compra  con varios productos:Given el usuario se registra en la plataforma [User abrir [User opens the Your logo page], User registrar [User clicks on Click en registro, User enters 'vgftSa@ejemplo.com' into ingresar el email, User clicks on boton crear cuenta, User clicks on seleccionar genero, User enters 'julieth' into ingresar nombre, User enters 'Bermudez' into ingresar apellido, User enters 'Dalia1209' into ingresar contraseÃ±a, User select 13   on seleccionar dia de nacimiento, User select June  on seleccionar mes de nacimiento, User select 1999   on seleccionar el aÃ±o de nacimiento, User enters 'julieth' into ingresar nombre, User enters 'bermudez' into ingresar apellido, User enters 'your logo' into ingresar el nombre de la compaÃ±ia, User enters 'calle 24 a sur #10-08 este' into ingresar la direccion de entrega, User enters 'Casa' into ingresar torre y apartamento, User enters 'bogota' into ingrese ciudad, User select District of Columbia on seleccione el estado, User enters '00000' into ingrese el codigo postal, User enters 'Barrio santa rita' into ingrese informacion adicional, User enters '3629764' into ingrese numero de telefono, User enters '3156078442' into ingrese numero de celular, User enters 'carrera' into ingrese un alias]]
[Test worker] WARN net.thucydides.core.steps.BaseStepListener - stepFinished: current outcome:el usuario realiza una compra  con varios productos:Given el usuario se registra en la plataforma [User abrir [User opens the Your logo page], User registrar [User clicks on Click en registro, User enters 'vgftSa@ejemplo.com' into ingresar el email, User clicks on boton crear cuenta, User clicks on seleccionar genero, User enters 'julieth' into ingresar nombre, User enters 'Bermudez' into ingresar apellido, User enters 'Dalia1209' into ingresar contraseÃ±a, User select 13   on seleccionar dia de nacimiento, User select June  on seleccionar mes de nacimiento, User select 1999   on seleccionar el aÃ±o de nacimiento, User enters 'julieth' into ingresar nombre, User enters 'bermudez' into ingresar apellido, User enters 'your logo' into ingresar el nombre de la compaÃ±ia, User enters 'calle 24 a sur #10-08 este' into ingresar la direccion de entrega, User enters 'Casa' into ingresar torre y apartamento, User enters 'bogota' into ingrese ciudad, User select District of Columbia on seleccione el estado, User enters '00000' into ingrese el codigo postal, User enters 'Barrio santa rita' into ingrese informacion adicional, User enters '3629764' into ingrese numero de telefono, User enters '3156078442' into ingrese numero de celular, User enters 'carrera' into ingrese un alias]]
[Test worker] WARN net.thucydides.core.steps.BaseStepListener - stepStarted: net.thucydides.core.steps.ExecutedStepDescription@6aed1
[Test worker] WARN net.thucydides.core.steps.BaseStepListener - stepStarted: net.thucydides.core.steps.ExecutedStepDescription@1ea1306
[Test worker] WARN net.thucydides.core.steps.BaseStepListener - stepStarted: net.thucydides.core.steps.ExecutedStepDescription@fe1369
[Test worker] WARN net.thucydides.core.steps.BaseStepListener - stepFinished: current outcome:el usuario realiza una compra  con varios productos:Given el usuario se registra en la plataforma [User abrir [User opens the Your logo page], User registrar [User clicks on Click en registro, User enters 'vgftSa@ejemplo.com' into ingresar el email, User clicks on boton crear cuenta, User clicks on seleccionar genero, User enters 'julieth' into ingresar nombre, User enters 'Bermudez' into ingresar apellido, User enters 'Dalia1209' into ingresar contraseÃ±a, User select 13   on seleccionar dia de nacimiento, User select June  on seleccionar mes de nacimiento, User select 1999   on seleccionar el aÃ±o de nacimiento, User enters 'julieth' into ingresar nombre, User enters 'bermudez' into ingresar apellido, User enters 'your logo' into ingresar el nombre de la compaÃ±ia, User enters 'calle 24 a sur #10-08 este' into ingresar la direccion de entrega, User enters 'Casa' into ingresar torre y apartamento, User enters 'bogota' into ingrese ciudad, User select District of Columbia on seleccione el estado, User enters '00000' into ingrese el codigo postal, User enters 'Barrio santa rita' into ingrese informacion adicional, User enters '3629764' into ingrese numero de telefono, User enters '3156078442' into ingrese numero de celular, User enters 'carrera' into ingrese un alias]], When el usuario  selecciona los productos de compra [User seleccionar [User clicks on boton de seccion ropa mujer]]
[Test worker] WARN net.thucydides.core.steps.BaseStepListener - stepStarted: net.thucydides.core.steps.ExecutedStepDescription@198e60d
[Test worker] WARN net.thucydides.core.steps.BaseStepListener - stepFinished: current outcome:el usuario realiza una compra  con varios productos:Given el usuario se registra en la plataforma [User abrir [User opens the Your logo page], User registrar [User clicks on Click en registro, User enters 'vgftSa@ejemplo.com' into ingresar el email, User clicks on boton crear cuenta, User clicks on seleccionar genero, User enters 'julieth' into ingresar nombre, User enters 'Bermudez' into ingresar apellido, User enters 'Dalia1209' into ingresar contraseÃ±a, User select 13   on seleccionar dia de nacimiento, User select June  on seleccionar mes de nacimiento, User select 1999   on seleccionar el aÃ±o de nacimiento, User enters 'julieth' into ingresar nombre, User enters 'bermudez' into ingresar apellido, User enters 'your logo' into ingresar el nombre de la compaÃ±ia, User enters 'calle 24 a sur #10-08 este' into ingresar la direccion de entrega, User enters 'Casa' into ingresar torre y apartamento, User enters 'bogota' into ingrese ciudad, User select District of Columbia on seleccione el estado, User enters '00000' into ingrese el codigo postal, User enters 'Barrio santa rita' into ingrese informacion adicional, User enters '3629764' into ingrese numero de telefono, User enters '3156078442' into ingrese numero de celular, User enters 'carrera' into ingrese un alias]], When el usuario  selecciona los productos de compra [User seleccionar [User clicks on boton de seccion ropa mujer, User clicks on boton de shirts]]
[Test worker] WARN net.thucydides.core.steps.BaseStepListener - stepStarted: net.thucydides.core.steps.ExecutedStepDescription@14493ce
[Test worker] WARN net.thucydides.core.steps.BaseStepListener - stepFinished: current outcome:el usuario realiza una compra  con varios productos:Given el usuario se registra en la plataforma [User abrir [User opens the Your logo page], User registrar [User clicks on Click en registro, User enters 'vgftSa@ejemplo.com' into ingresar el email, User clicks on boton crear cuenta, User clicks on seleccionar genero, User enters 'julieth' into ingresar nombre, User enters 'Bermudez' into ingresar apellido, User enters 'Dalia1209' into ingresar contraseÃ±a, User select 13   on seleccionar dia de nacimiento, User select June  on seleccionar mes de nacimiento, User select 1999   on seleccionar el aÃ±o de nacimiento, User enters 'julieth' into ingresar nombre, User enters 'bermudez' into ingresar apellido, User enters 'your logo' into ingresar el nombre de la compaÃ±ia, User enters 'calle 24 a sur #10-08 este' into ingresar la direccion de entrega, User enters 'Casa' into ingresar torre y apartamento, User enters 'bogota' into ingrese ciudad, User select District of Columbia on seleccione el estado, User enters '00000' into ingrese el codigo postal, User enters 'Barrio santa rita' into ingrese informacion adicional, User enters '3629764' into ingrese numero de telefono, User enters '3156078442' into ingrese numero de celular, User enters 'carrera' into ingrese un alias]], When el usuario  selecciona los productos de compra [User seleccionar [User clicks on boton de seccion ropa mujer, User clicks on boton de shirts, User clicks on agregar al carro]]
[Test worker] WARN net.thucydides.core.steps.BaseStepListener - stepStarted: net.thucydides.core.steps.ExecutedStepDescription@7df78b
[Test worker] WARN net.thucydides.core.steps.BaseStepListener - stepFinished: current outcome:el usuario realiza una compra  con varios productos:Given el usuario se registra en la plataforma [User abrir [User opens the Your logo page], User registrar [User clicks on Click en registro, User enters 'vgftSa@ejemplo.com' into ingresar el email, User clicks on boton crear cuenta, User clicks on seleccionar genero, User enters 'julieth' into ingresar nombre, User enters 'Bermudez' into ingresar apellido, User enters 'Dalia1209' into ingresar contraseÃ±a, User select 13   on seleccionar dia de nacimiento, User select June  on seleccionar mes de nacimiento, User select 1999   on seleccionar el aÃ±o de nacimiento, User enters 'julieth' into ingresar nombre, User enters 'bermudez' into ingresar apellido, User enters 'your logo' into ingresar el nombre de la compaÃ±ia, User enters 'calle 24 a sur #10-08 este' into ingresar la direccion de entrega, User enters 'Casa' into ingresar torre y apartamento, User enters 'bogota' into ingrese ciudad, User select District of Columbia on seleccione el estado, User enters '00000' into ingrese el codigo postal, User enters 'Barrio santa rita' into ingrese informacion adicional, User enters '3629764' into ingrese numero de telefono, User enters '3156078442' into ingrese numero de celular, User enters 'carrera' into ingrese un alias]], When el usuario  selecciona los productos de compra [User seleccionar [User clicks on boton de seccion ropa mujer, User clicks on boton de shirts, User clicks on agregar al carro, User clicks on continuar con la compra]]
[Test worker] WARN net.thucydides.core.steps.BaseStepListener - stepStarted: net.thucydides.core.steps.ExecutedStepDescription@37dd46
[Test worker] WARN net.thucydides.core.steps.BaseStepListener - stepFinished: current outcome:el usuario realiza una compra  con varios productos:Given el usuario se registra en la plataforma [User abrir [User opens the Your logo page], User registrar [User clicks on Click en registro, User enters 'vgftSa@ejemplo.com' into ingresar el email, User clicks on boton crear cuenta, User clicks on seleccionar genero, User enters 'julieth' into ingresar nombre, User enters 'Bermudez' into ingresar apellido, User enters 'Dalia1209' into ingresar contraseÃ±a, User select 13   on seleccionar dia de nacimiento, User select June  on seleccionar mes de nacimiento, User select 1999   on seleccionar el aÃ±o de nacimiento, User enters 'julieth' into ingresar nombre, User enters 'bermudez' into ingresar apellido, User enters 'your logo' into ingresar el nombre de la compaÃ±ia, User enters 'calle 24 a sur #10-08 este' into ingresar la direccion de entrega, User enters 'Casa' into ingresar torre y apartamento, User enters 'bogota' into ingrese ciudad, User select District of Columbia on seleccione el estado, User enters '00000' into ingrese el codigo postal, User enters 'Barrio santa rita' into ingrese informacion adicional, User enters '3629764' into ingrese numero de telefono, User enters '3156078442' into ingrese numero de celular, User enters 'carrera' into ingrese un alias]], When el usuario  selecciona los productos de compra [User seleccionar [User clicks on boton de seccion ropa mujer, User clicks on boton de shirts, User clicks on agregar al carro, User clicks on continuar con la compra, User clicks on continuar con la compra]]
[Test worker] WARN net.thucydides.core.steps.BaseStepListener - stepStarted: net.thucydides.core.steps.ExecutedStepDescription@6107b9
[Test worker] WARN net.thucydides.core.steps.BaseStepListener - stepFinished: current outcome:el usuario realiza una compra  con varios productos:Given el usuario se registra en la plataforma [User abrir [User opens the Your logo page], User registrar [User clicks on Click en registro, User enters 'vgftSa@ejemplo.com' into ingresar el email, User clicks on boton crear cuenta, User clicks on seleccionar genero, User enters 'julieth' into ingresar nombre, User enters 'Bermudez' into ingresar apellido, User enters 'Dalia1209' into ingresar contraseÃ±a, User select 13   on seleccionar dia de nacimiento, User select June  on seleccionar mes de nacimiento, User select 1999   on seleccionar el aÃ±o de nacimiento, User enters 'julieth' into ingresar nombre, User enters 'bermudez' into ingresar apellido, User enters 'your logo' into ingresar el nombre de la compaÃ±ia, User enters 'calle 24 a sur #10-08 este' into ingresar la direccion de entrega, User enters 'Casa' into ingresar torre y apartamento, User enters 'bogota' into ingrese ciudad, User select District of Columbia on seleccione el estado, User enters '00000' into ingrese el codigo postal, User enters 'Barrio santa rita' into ingrese informacion adicional, User enters '3629764' into ingrese numero de telefono, User enters '3156078442' into ingrese numero de celular, User enters 'carrera' into ingrese un alias]], When el usuario  selecciona los productos de compra [User seleccionar [User clicks on boton de seccion ropa mujer, User clicks on boton de shirts, User clicks on agregar al carro, User clicks on continuar con la compra, User clicks on continuar con la compra, User clicks on continuar con la compra]]
[Test worker] WARN net.thucydides.core.steps.BaseStepListener - stepStarted: net.thucydides.core.steps.ExecutedStepDescription@170bd43
[Test worker] WARN net.thucydides.core.steps.BaseStepListener - stepFinished: current outcome:el usuario realiza una compra  con varios productos:Given el usuario se registra en la plataforma [User abrir [User opens the Your logo page], User registrar [User clicks on Click en registro, User enters 'vgftSa@ejemplo.com' into ingresar el email, User clicks on boton crear cuenta, User clicks on seleccionar genero, User enters 'julieth' into ingresar nombre, User enters 'Bermudez' into ingresar apellido, User enters 'Dalia1209' into ingresar contraseÃ±a, User select 13   on seleccionar dia de nacimiento, User select June  on seleccionar mes de nacimiento, User select 1999   on seleccionar el aÃ±o de nacimiento, User enters 'julieth' into ingresar nombre, User enters 'bermudez' into ingresar apellido, User enters 'your logo' into ingresar el nombre de la compaÃ±ia, User enters 'calle 24 a sur #10-08 este' into ingresar la direccion de entrega, User enters 'Casa' into ingresar torre y apartamento, User enters 'bogota' into ingrese ciudad, User select District of Columbia on seleccione el estado, User enters '00000' into ingrese el codigo postal, User enters 'Barrio santa rita' into ingrese informacion adicional, User enters '3629764' into ingrese numero de telefono, User enters '3156078442' into ingrese numero de celular, User enters 'carrera' into ingrese un alias]], When el usuario  selecciona los productos de compra [User seleccionar [User clicks on boton de seccion ropa mujer, User clicks on boton de shirts, User clicks on agregar al carro, User clicks on continuar con la compra, User clicks on continuar con la compra, User clicks on continuar con la compra, User clicks on continuar con la compra]]
[Test worker] WARN net.thucydides.core.steps.BaseStepListener - stepStarted: net.thucydides.core.steps.ExecutedStepDescription@17183fc
[Test worker] WARN net.thucydides.core.steps.BaseStepListener - stepFinished: current outcome:el usuario realiza una compra  con varios productos:Given el usuario se registra en la plataforma [User abrir [User opens the Your logo page], User registrar [User clicks on Click en registro, User enters 'vgftSa@ejemplo.com' into ingresar el email, User clicks on boton crear cuenta, User clicks on seleccionar genero, User enters 'julieth' into ingresar nombre, User enters 'Bermudez' into ingresar apellido, User enters 'Dalia1209' into ingresar contraseÃ±a, User select 13   on seleccionar dia de nacimiento, User select June  on seleccionar mes de nacimiento, User select 1999   on seleccionar el aÃ±o de nacimiento, User enters 'julieth' into ingresar nombre, User enters 'bermudez' into ingresar apellido, User enters 'your logo' into ingresar el nombre de la compaÃ±ia, User enters 'calle 24 a sur #10-08 este' into ingresar la direccion de entrega, User enters 'Casa' into ingresar torre y apartamento, User enters 'bogota' into ingrese ciudad, User select District of Columbia on seleccione el estado, User enters '00000' into ingrese el codigo postal, User enters 'Barrio santa rita' into ingrese informacion adicional, User enters '3629764' into ingrese numero de telefono, User enters '3156078442' into ingrese numero de celular, User enters 'carrera' into ingrese un alias]], When el usuario  selecciona los productos de compra [User seleccionar [User clicks on boton de seccion ropa mujer, User clicks on boton de shirts, User clicks on agregar al carro, User clicks on continuar con la compra, User clicks on continuar con la compra, User clicks on continuar con la compra, User clicks on continuar con la compra, User clicks on continuar con la compra]]
[Test worker] WARN net.thucydides.core.steps.BaseStepListener - stepFinished: current outcome:el usuario realiza una compra  con varios productos:Given el usuario se registra en la plataforma [User abrir [User opens the Your logo page], User registrar [User clicks on Click en registro, User enters 'vgftSa@ejemplo.com' into ingresar el email, User clicks on boton crear cuenta, User clicks on seleccionar genero, User enters 'julieth' into ingresar nombre, User enters 'Bermudez' into ingresar apellido, User enters 'Dalia1209' into ingresar contraseÃ±a, User select 13   on seleccionar dia de nacimiento, User select June  on seleccionar mes de nacimiento, User select 1999   on seleccionar el aÃ±o de nacimiento, User enters 'julieth' into ingresar nombre, User enters 'bermudez' into ingresar apellido, User enters 'your logo' into ingresar el nombre de la compaÃ±ia, User enters 'calle 24 a sur #10-08 este' into ingresar la direccion de entrega, User enters 'Casa' into ingresar torre y apartamento, User enters 'bogota' into ingrese ciudad, User select District of Columbia on seleccione el estado, User enters '00000' into ingrese el codigo postal, User enters 'Barrio santa rita' into ingrese informacion adicional, User enters '3629764' into ingrese numero de telefono, User enters '3156078442' into ingrese numero de celular, User enters 'carrera' into ingrese un alias]], When el usuario  selecciona los productos de compra [User seleccionar [User clicks on boton de seccion ropa mujer, User clicks on boton de shirts, User clicks on agregar al carro, User clicks on continuar con la compra, User clicks on continuar con la compra, User clicks on continuar con la compra, User clicks on continuar con la compra, User clicks on continuar con la compra]]
[Test worker] WARN net.thucydides.core.steps.BaseStepListener - stepFinished: current outcome:el usuario realiza una compra  con varios productos:Given el usuario se registra en la plataforma [User abrir [User opens the Your logo page], User registrar [User clicks on Click en registro, User enters 'vgftSa@ejemplo.com' into ingresar el email, User clicks on boton crear cuenta, User clicks on seleccionar genero, User enters 'julieth' into ingresar nombre, User enters 'Bermudez' into ingresar apellido, User enters 'Dalia1209' into ingresar contraseÃ±a, User select 13   on seleccionar dia de nacimiento, User select June  on seleccionar mes de nacimiento, User select 1999   on seleccionar el aÃ±o de nacimiento, User enters 'julieth' into ingresar nombre, User enters 'bermudez' into ingresar apellido, User enters 'your logo' into ingresar el nombre de la compaÃ±ia, User enters 'calle 24 a sur #10-08 este' into ingresar la direccion de entrega, User enters 'Casa' into ingresar torre y apartamento, User enters 'bogota' into ingrese ciudad, User select District of Columbia on seleccione el estado, User enters '00000' into ingrese el codigo postal, User enters 'Barrio santa rita' into ingrese informacion adicional, User enters '3629764' into ingrese numero de telefono, User enters '3156078442' into ingrese numero de celular, User enters 'carrera' into ingrese un alias]], When el usuario  selecciona los productos de compra [User seleccionar [User clicks on boton de seccion ropa mujer, User clicks on boton de shirts, User clicks on agregar al carro, User clicks on continuar con la compra, User clicks on continuar con la compra, User clicks on continuar con la compra, User clicks on continuar con la compra, User clicks on continuar con la compra]]
[Test worker] WARN net.thucydides.core.steps.BaseStepListener - stepStarted: net.thucydides.core.steps.ExecutedStepDescription@283c15
[Test worker] WARN net.thucydides.core.steps.BaseStepListener - stepStarted: net.thucydides.core.steps.ExecutedStepDescription@96046b
[Test worker] WARN net.thucydides.core.steps.BaseStepListener - testFinished: el usuario realiza una compra  con varios productos:Given el usuario se registra en la plataforma [User abrir [User opens the Your logo page], User registrar [User clicks on Click en registro, User enters 'vgftSa@ejemplo.com' into ingresar el email, User clicks on boton crear cuenta, User clicks on seleccionar genero, User enters 'julieth' into ingresar nombre, User enters 'Bermudez' into ingresar apellido, User enters 'Dalia1209' into ingresar contraseÃ±a, User select 13   on seleccionar dia de nacimiento, User select June  on seleccionar mes de nacimiento, User select 1999   on seleccionar el aÃ±o de nacimiento, User enters 'julieth' into ingresar nombre, User enters 'bermudez' into ingresar apellido, User enters 'your logo' into ingresar el nombre de la compaÃ±ia, User enters 'calle 24 a sur #10-08 este' into ingresar la direccion de entrega, User enters 'Casa' into ingresar torre y apartamento, User enters 'bogota' into ingrese ciudad, User select District of Columbia on seleccione el estado, User enters '00000' into ingrese el codigo postal, User enters 'Barrio santa rita' into ingrese informacion adicional, User enters '3629764' into ingrese numero de telefono, User enters '3156078442' into ingrese numero de celular, User enters 'carrera' into ingrese un alias]], When el usuario  selecciona los productos de compra [User seleccionar [User clicks on boton de seccion ropa mujer, User clicks on boton de shirts, User clicks on agregar al carro, User clicks on continuar con la compra, User clicks on continuar con la compra, User clicks on continuar con la compra, User clicks on continuar con la compra, User clicks on continuar con la compra]], Then se verifica la compra con exito [Then validacion]
[Test worker] WARN net.thucydides.core.steps.BaseStepListener - TestOutcomes: [el usuario realiza una compra  con varios productos:Given el usuario se registra en la plataforma [User abrir [User opens the Your logo page], User registrar [User clicks on Click en registro, User enters 'vgftSa@ejemplo.com' into ingresar el email, User clicks on boton crear cuenta, User clicks on seleccionar genero, User enters 'julieth' into ingresar nombre, User enters 'Bermudez' into ingresar apellido, User enters 'Dalia1209' into ingresar contraseÃ±a, User select 13   on seleccionar dia de nacimiento, User select June  on seleccionar mes de nacimiento, User select 1999   on seleccionar el aÃ±o de nacimiento, User enters 'julieth' into ingresar nombre, User enters 'bermudez' into ingresar apellido, User enters 'your logo' into ingresar el nombre de la compaÃ±ia, User enters 'calle 24 a sur #10-08 este' into ingresar la direccion de entrega, User enters 'Casa' into ingresar torre y apartamento, User enters 'bogota' into ingrese ciudad, User select District of Columbia on seleccione el estado, User enters '00000' into ingrese el codigo postal, User enters 'Barrio santa rita' into ingrese informacion adicional, User enters '3629764' into ingrese numero de telefono, User enters '3156078442' into ingrese numero de celular, User enters 'carrera' into ingrese un alias]], When el usuario  selecciona los productos de compra [User seleccionar [User clicks on boton de seccion ropa mujer, User clicks on boton de shirts, User clicks on agregar al carro, User clicks on continuar con la compra, User clicks on continuar con la compra, User clicks on continuar con la compra, User clicks on continuar con la compra, User clicks on continuar con la compra]], Then se verifica la compra con exito [Then validacion]]
[Test worker] WARN net.thucydides.core.steps.BaseStepListener - Final testOutcomes: [el usuario realiza una compra  con varios productos:Given el usuario se registra en la plataforma [User abrir [User opens the Your logo page], User registrar [User clicks on Click en registro, User enters 'vgftSa@ejemplo.com' into ingresar el email, User clicks on boton crear cuenta, User clicks on seleccionar genero, User enters 'julieth' into ingresar nombre, User enters 'Bermudez' into ingresar apellido, User enters 'Dalia1209' into ingresar contraseÃ±a, User select 13   on seleccionar dia de nacimiento, User select June  on seleccionar mes de nacimiento, User select 1999   on seleccionar el aÃ±o de nacimiento, User enters 'julieth' into ingresar nombre, User enters 'bermudez' into ingresar apellido, User enters 'your logo' into ingresar el nombre de la compaÃ±ia, User enters 'calle 24 a sur #10-08 este' into ingresar la direccion de entrega, User enters 'Casa' into ingresar torre y apartamento, User enters 'bogota' into ingrese ciudad, User select District of Columbia on seleccione el estado, User enters '00000' into ingrese el codigo postal, User enters 'Barrio santa rita' into ingrese informacion adicional, User enters '3629764' into ingrese numero de telefono, User enters '3156078442' into ingrese numero de celular, User enters 'carrera' into ingrese un alias]], When el usuario  selecciona los productos de compra [User seleccionar [User clicks on boton de seccion ropa mujer, User clicks on boton de shirts, User clicks on agregar al carro, User clicks on continuar con la compra, User clicks on continuar con la compra, User clicks on continuar con la compra, User clicks on continuar con la compra, User clicks on continuar con la compra]], Then se verifica la compra con exito [Then validacion]]
[Test worker] ERROR net.thucydides.core.steps.ConsoleLoggingListener - 
           __  _____ _____ ____ _____   _____ _    ___ _     _____ ____  
  _       / / |_   _| ____/ ___|_   _| |  ___/ \  |_ _| |   | ____|  _ \ 
 (_)_____| |    | | |  _| \___ \ | |   | |_ / _ \  | || |   |  _| | | | |
  _|_____| |    | | | |___ ___) || |   |  _/ ___ \ | || |___| |___| |_| |
 (_)     | |    |_| |_____|____/ |_|   |_|/_/   \_\___|_____|_____|____/ 
          \_\                                                            

TEST FAILED: el usuario realiza una compra  con varios productos
--------------------------------------------------------------------------
[Test worker] ERROR net.thucydides.core.steps.ConsoleLoggingListener - TEST FAILED AT STEP Then validacion
[Test worker] ERROR net.thucydides.core.steps.ConsoleLoggingListener - Expected validacionExpected: is <true> but: was <false>
]]></system-err>
</testsuite>
